{"meta": {"format": 3, "version": "7.13.1", "timestamp": "2026-01-01T12:56:55.418996", "branch_coverage": false, "show_contexts": false}, "files": {"agents/__init__.py": {"executed_lines": [4], "summary": {"covered_lines": 1, "num_statements": 1, "percent_covered": 100.0, "percent_covered_display": "100", "missing_lines": 0, "excluded_lines": 0, "percent_statements_covered": 100.0, "percent_statements_covered_display": "100"}, "missing_lines": [], "excluded_lines": [], "functions": {"": {"executed_lines": [4], "summary": {"covered_lines": 1, "num_statements": 1, "percent_covered": 100.0, "percent_covered_display": "100", "missing_lines": 0, "excluded_lines": 0, "percent_statements_covered": 100.0, "percent_statements_covered_display": "100"}, "missing_lines": [], "excluded_lines": [], "start_line": 1}}, "classes": {"": {"executed_lines": [4], "summary": {"covered_lines": 1, "num_statements": 1, "percent_covered": 100.0, "percent_covered_display": "100", "missing_lines": 0, "excluded_lines": 0, "percent_statements_covered": 100.0, "percent_statements_covered_display": "100"}, "missing_lines": [], "excluded_lines": [], "start_line": 1}}}, "agents/content_generation.py": {"executed_lines": [4, 5, 6, 8, 10, 11, 14, 17, 19, 20, 22, 24, 26, 37, 39, 42, 45, 48, 51, 54, 57, 59, 60, 62, 63, 64, 65, 67, 69, 71, 73, 74, 76, 78, 80, 83, 97, 103, 105, 107, 109, 110, 112, 113, 114, 115, 117, 119, 121, 123, 125, 126, 127, 129, 158, 164, 166, 168, 172, 173, 175, 193, 199, 201, 203, 205, 208, 210, 225, 231, 233, 234, 251, 253, 254, 255, 256, 257, 258, 260, 262, 264, 266, 267, 268, 269, 270, 271, 274, 275, 276, 279, 280, 281, 282, 284, 286], "summary": {"covered_lines": 97, "num_statements": 106, "percent_covered": 91.50943396226415, "percent_covered_display": "92", "missing_lines": 9, "excluded_lines": 5, "percent_statements_covered": 91.50943396226415, "percent_statements_covered_display": "92"}, "missing_lines": [81, 237, 239, 242, 244, 245, 246, 247, 249], "excluded_lines": [289, 291, 293, 314, 315], "functions": {"ContentGenerationAgent.__init__": {"executed_lines": [19, 20], "summary": {"covered_lines": 2, "num_statements": 2, "percent_covered": 100.0, "percent_covered_display": "100", "missing_lines": 0, "excluded_lines": 0, "percent_statements_covered": 100.0, "percent_statements_covered_display": "100"}, "missing_lines": [], "excluded_lines": [], "start_line": 17}, "ContentGenerationAgent.generate_entry": {"executed_lines": [24, 26, 37, 39, 42, 45, 48, 51, 54, 57, 59, 60, 62, 63, 64, 65, 67], "summary": {"covered_lines": 17, "num_statements": 17, "percent_covered": 100.0, "percent_covered_display": "100", "missing_lines": 0, "excluded_lines": 0, "percent_statements_covered": 100.0, "percent_statements_covered_display": "100"}, "missing_lines": [], "excluded_lines": [], "start_line": 22}, "ContentGenerationAgent._generate_header": {"executed_lines": [71, 73, 74, 76], "summary": {"covered_lines": 4, "num_statements": 4, "percent_covered": 100.0, "percent_covered_display": "100", "missing_lines": 0, "excluded_lines": 0, "percent_statements_covered": 100.0, "percent_statements_covered_display": "100"}, "missing_lines": [], "excluded_lines": [], "start_line": 69}, "ContentGenerationAgent._generate_summary": {"executed_lines": [80, 83, 97, 103], "summary": {"covered_lines": 4, "num_statements": 5, "percent_covered": 80.0, "percent_covered_display": "80", "missing_lines": 1, "excluded_lines": 0, "percent_statements_covered": 80.0, "percent_statements_covered_display": "80"}, "missing_lines": [81], "excluded_lines": [], "start_line": 78}, "ContentGenerationAgent._generate_repositories_section": {"executed_lines": [107, 109, 110, 112, 113, 114, 115, 117], "summary": {"covered_lines": 8, "num_statements": 8, "percent_covered": 100.0, "percent_covered_display": "100", "missing_lines": 0, "excluded_lines": 0, "percent_statements_covered": 100.0, "percent_statements_covered_display": "100"}, "missing_lines": [], "excluded_lines": [], "start_line": 105}, "ContentGenerationAgent._generate_project_sections": {"executed_lines": [121, 123, 125, 126, 127, 129, 158, 164, 166], "summary": {"covered_lines": 9, "num_statements": 9, "percent_covered": 100.0, "percent_covered_display": "100", "missing_lines": 0, "excluded_lines": 0, "percent_statements_covered": 100.0, "percent_statements_covered_display": "100"}, "missing_lines": [], "excluded_lines": [], "start_line": 119}, "ContentGenerationAgent._generate_activity_summary": {"executed_lines": [172, 173, 175, 193, 199], "summary": {"covered_lines": 5, "num_statements": 5, "percent_covered": 100.0, "percent_covered_display": "100", "missing_lines": 0, "excluded_lines": 0, "percent_statements_covered": 100.0, "percent_statements_covered_display": "100"}, "missing_lines": [], "excluded_lines": [], "start_line": 168}, "ContentGenerationAgent._generate_projects_legend": {"executed_lines": [203, 205, 208, 210, 225, 231, 233, 234, 251, 253, 254, 255, 256, 257, 258, 260], "summary": {"covered_lines": 16, "num_statements": 24, "percent_covered": 66.66666666666667, "percent_covered_display": "67", "missing_lines": 8, "excluded_lines": 0, "percent_statements_covered": 66.66666666666667, "percent_statements_covered_display": "67"}, "missing_lines": [237, 239, 242, 244, 245, 246, 247, 249], "excluded_lines": [], "start_line": 201}, "ContentGenerationAgent._assemble_full_markdown": {"executed_lines": [264, 266, 267, 268, 269, 270, 271, 274, 275, 276, 279, 280, 281, 282, 284, 286], "summary": {"covered_lines": 16, "num_statements": 16, "percent_covered": 100.0, "percent_covered_display": "100", "missing_lines": 0, "excluded_lines": 0, "percent_statements_covered": 100.0, "percent_statements_covered_display": "100"}, "missing_lines": [], "excluded_lines": [], "start_line": 262}, "": {"executed_lines": [4, 5, 6, 8, 10, 11, 14, 17, 22, 69, 78, 105, 119, 168, 201, 262], "summary": {"covered_lines": 16, "num_statements": 16, "percent_covered": 100.0, "percent_covered_display": "100", "missing_lines": 0, "excluded_lines": 5, "percent_statements_covered": 100.0, "percent_statements_covered_display": "100"}, "missing_lines": [], "excluded_lines": [289, 291, 293, 314, 315], "start_line": 1}}, "classes": {"ContentGenerationAgent": {"executed_lines": [19, 20, 24, 26, 37, 39, 42, 45, 48, 51, 54, 57, 59, 60, 62, 63, 64, 65, 67, 71, 73, 74, 76, 80, 83, 97, 103, 107, 109, 110, 112, 113, 114, 115, 117, 121, 123, 125, 126, 127, 129, 158, 164, 166, 172, 173, 175, 193, 199, 203, 205, 208, 210, 225, 231, 233, 234, 251, 253, 254, 255, 256, 257, 258, 260, 264, 266, 267, 268, 269, 270, 271, 274, 275, 276, 279, 280, 281, 282, 284, 286], "summary": {"covered_lines": 81, "num_statements": 90, "percent_covered": 90.0, "percent_covered_display": "90", "missing_lines": 9, "excluded_lines": 0, "percent_statements_covered": 90.0, "percent_statements_covered_display": "90"}, "missing_lines": [81, 237, 239, 242, 244, 245, 246, 247, 249], "excluded_lines": [], "start_line": 14}, "": {"executed_lines": [4, 5, 6, 8, 10, 11, 14, 17, 22, 69, 78, 105, 119, 168, 201, 262], "summary": {"covered_lines": 16, "num_statements": 16, "percent_covered": 100.0, "percent_covered_display": "100", "missing_lines": 0, "excluded_lines": 5, "percent_statements_covered": 100.0, "percent_statements_covered_display": "100"}, "missing_lines": [], "excluded_lines": [289, 291, 293, 314, 315], "start_line": 1}}}, "agents/fact_checking.py": {"executed_lines": [4, 5, 6, 7, 9, 11, 12, 15, 18, 20, 21, 23, 25, 27, 36, 37, 38, 39, 40, 41, 43, 47, 49, 50, 51, 52, 53, 56, 57, 58, 59, 60, 62, 64, 66, 68, 70, 71, 73, 74, 76, 77, 78, 81, 85, 86, 87, 88, 89, 92, 96, 97, 99, 100, 101, 103, 104, 105, 108, 110, 112, 114, 116, 118, 119, 120, 121, 122, 123, 124, 128, 130, 132, 134, 135, 136, 138, 139, 141, 149, 150, 152, 153, 154, 155, 157, 159, 161, 163, 164, 165, 167, 168, 169, 170, 171, 172, 173, 174, 176, 179, 189, 191, 193, 195, 197, 198, 199, 201, 202, 206, 207, 211, 212, 214, 217, 218, 219, 220, 222, 224, 226, 260, 261, 266, 270, 272, 274, 275, 278, 285, 287, 288, 289, 290, 292], "summary": {"covered_lines": 136, "num_statements": 150, "percent_covered": 90.66666666666667, "percent_covered_display": "91", "missing_lines": 14, "excluded_lines": 6, "percent_statements_covered": 90.66666666666667, "percent_statements_covered_display": "91"}, "missing_lines": [54, 142, 143, 144, 145, 180, 181, 182, 183, 184, 187, 215, 267, 268], "excluded_lines": [295, 296, 298, 321, 336, 337], "functions": {"FactCheckingAgent.__init__": {"executed_lines": [20, 21], "summary": {"covered_lines": 2, "num_statements": 2, "percent_covered": 100.0, "percent_covered_display": "100", "missing_lines": 0, "excluded_lines": 0, "percent_statements_covered": 100.0, "percent_statements_covered_display": "100"}, "missing_lines": [], "excluded_lines": [], "start_line": 18}, "FactCheckingAgent.check_entry": {"executed_lines": [25, 27, 36, 37, 38, 39, 40, 41, 43, 47, 49, 50, 51, 52, 53, 56, 57, 58, 59, 60, 62], "summary": {"covered_lines": 21, "num_statements": 22, "percent_covered": 95.45454545454545, "percent_covered_display": "95", "missing_lines": 1, "excluded_lines": 0, "percent_statements_covered": 95.45454545454545, "percent_statements_covered_display": "95"}, "missing_lines": [54], "excluded_lines": [], "start_line": 23}, "FactCheckingAgent._check_accuracy": {"executed_lines": [66, 68, 70, 71, 73, 74, 76, 77, 78, 81, 85, 86, 87, 88, 89, 92, 96, 97, 99, 100, 101, 103, 104, 105, 108, 110], "summary": {"covered_lines": 26, "num_statements": 26, "percent_covered": 100.0, "percent_covered_display": "100", "missing_lines": 0, "excluded_lines": 0, "percent_statements_covered": 100.0, "percent_statements_covered_display": "100"}, "missing_lines": [], "excluded_lines": [], "start_line": 64}, "FactCheckingAgent._check_completeness": {"executed_lines": [114, 116, 118, 119, 120, 121, 122, 123, 124, 128], "summary": {"covered_lines": 10, "num_statements": 10, "percent_covered": 100.0, "percent_covered_display": "100", "missing_lines": 0, "excluded_lines": 0, "percent_statements_covered": 100.0, "percent_statements_covered_display": "100"}, "missing_lines": [], "excluded_lines": [], "start_line": 112}, "FactCheckingAgent._check_consistency": {"executed_lines": [132, 134, 135, 136, 138, 139, 141, 149, 150, 152, 153, 154, 155, 157], "summary": {"covered_lines": 14, "num_statements": 18, "percent_covered": 77.77777777777777, "percent_covered_display": "78", "missing_lines": 4, "excluded_lines": 0, "percent_statements_covered": 77.77777777777777, "percent_statements_covered_display": "78"}, "missing_lines": [142, 143, 144, 145], "excluded_lines": [], "start_line": 130}, "FactCheckingAgent._check_duplicates": {"executed_lines": [161, 163, 164, 165, 167, 168, 169, 170, 171, 172, 173, 174, 176, 179, 189], "summary": {"covered_lines": 15, "num_statements": 21, "percent_covered": 71.42857142857143, "percent_covered_display": "71", "missing_lines": 6, "excluded_lines": 0, "percent_statements_covered": 71.42857142857143, "percent_statements_covered_display": "71"}, "missing_lines": [180, 181, 182, 183, 184, 187], "excluded_lines": [], "start_line": 159}, "FactCheckingAgent._check_anomalies": {"executed_lines": [193, 195, 197, 198, 199, 201, 202, 206, 207, 211, 212, 214, 217, 218, 219, 220, 222], "summary": {"covered_lines": 17, "num_statements": 18, "percent_covered": 94.44444444444444, "percent_covered_display": "94", "missing_lines": 1, "excluded_lines": 0, "percent_statements_covered": 94.44444444444444, "percent_statements_covered_display": "94"}, "missing_lines": [215], "excluded_lines": [], "start_line": 191}, "FactCheckingAgent._generate_llm_analysis": {"executed_lines": [226, 260, 261, 266], "summary": {"covered_lines": 4, "num_statements": 6, "percent_covered": 66.66666666666667, "percent_covered_display": "67", "missing_lines": 2, "excluded_lines": 0, "percent_statements_covered": 66.66666666666667, "percent_statements_covered_display": "67"}, "missing_lines": [267, 268], "excluded_lines": [], "start_line": 224}, "FactCheckingAgent._compile_results": {"executed_lines": [272, 274, 275, 278, 285, 287, 288, 289, 290, 292], "summary": {"covered_lines": 10, "num_statements": 10, "percent_covered": 100.0, "percent_covered_display": "100", "missing_lines": 0, "excluded_lines": 0, "percent_statements_covered": 100.0, "percent_statements_covered_display": "100"}, "missing_lines": [], "excluded_lines": [], "start_line": 270}, "": {"executed_lines": [4, 5, 6, 7, 9, 11, 12, 15, 18, 23, 64, 112, 130, 159, 191, 224, 270], "summary": {"covered_lines": 17, "num_statements": 17, "percent_covered": 100.0, "percent_covered_display": "100", "missing_lines": 0, "excluded_lines": 6, "percent_statements_covered": 100.0, "percent_statements_covered_display": "100"}, "missing_lines": [], "excluded_lines": [295, 296, 298, 321, 336, 337], "start_line": 1}}, "classes": {"FactCheckingAgent": {"executed_lines": [20, 21, 25, 27, 36, 37, 38, 39, 40, 41, 43, 47, 49, 50, 51, 52, 53, 56, 57, 58, 59, 60, 62, 66, 68, 70, 71, 73, 74, 76, 77, 78, 81, 85, 86, 87, 88, 89, 92, 96, 97, 99, 100, 101, 103, 104, 105, 108, 110, 114, 116, 118, 119, 120, 121, 122, 123, 124, 128, 132, 134, 135, 136, 138, 139, 141, 149, 150, 152, 153, 154, 155, 157, 161, 163, 164, 165, 167, 168, 169, 170, 171, 172, 173, 174, 176, 179, 189, 193, 195, 197, 198, 199, 201, 202, 206, 207, 211, 212, 214, 217, 218, 219, 220, 222, 226, 260, 261, 266, 272, 274, 275, 278, 285, 287, 288, 289, 290, 292], "summary": {"covered_lines": 119, "num_statements": 133, "percent_covered": 89.47368421052632, "percent_covered_display": "89", "missing_lines": 14, "excluded_lines": 0, "percent_statements_covered": 89.47368421052632, "percent_statements_covered_display": "89"}, "missing_lines": [54, 142, 143, 144, 145, 180, 181, 182, 183, 184, 187, 215, 267, 268], "excluded_lines": [], "start_line": 15}, "": {"executed_lines": [4, 5, 6, 7, 9, 11, 12, 15, 18, 23, 64, 112, 130, 159, 191, 224, 270], "summary": {"covered_lines": 17, "num_statements": 17, "percent_covered": 100.0, "percent_covered_display": "100", "missing_lines": 0, "excluded_lines": 6, "percent_statements_covered": 100.0, "percent_statements_covered_display": "100"}, "missing_lines": [], "excluded_lines": [295, 296, 298, 321, 336, 337], "start_line": 1}}}, "agents/git_analysis.py": {"executed_lines": [4, 5, 6, 7, 10, 12, 13, 21, 24, 26, 27, 28, 29, 31, 33, 35, 36, 46, 48, 49, 51, 54, 55, 57, 59, 60, 63, 65, 66, 68, 79, 81, 82, 83, 85, 86, 88, 89, 91, 92, 95, 97, 99, 101, 102, 104, 108, 109, 111, 112, 115, 116, 119, 120, 122, 124, 127, 128, 131, 134, 136, 138, 140, 141, 142, 144, 146, 148, 151, 152, 157, 158, 160, 161, 163, 164, 165, 167, 169, 171, 173, 174, 175, 176, 178, 179, 182, 183, 184, 187, 190, 191, 192, 195, 196, 198], "summary": {"covered_lines": 96, "num_statements": 99, "percent_covered": 96.96969696969697, "percent_covered_display": "97", "missing_lines": 3, "excluded_lines": 4, "percent_statements_covered": 96.96969696969697, "percent_statements_covered_display": "97"}, "missing_lines": [52, 61, 132], "excluded_lines": [201, 203, 204, 205], "functions": {"GitAnalysisAgent.__init__": {"executed_lines": [26, 27, 28, 29], "summary": {"covered_lines": 4, "num_statements": 4, "percent_covered": 100.0, "percent_covered_display": "100", "missing_lines": 0, "excluded_lines": 0, "percent_statements_covered": 100.0, "percent_statements_covered_display": "100"}, "missing_lines": [], "excluded_lines": [], "start_line": 24}, "GitAnalysisAgent.analyze_day": {"executed_lines": [33, 35, 36, 46, 48, 49, 51, 54, 55, 57, 59, 60, 63, 65, 66, 68, 79, 81, 82, 83, 85, 86, 88, 89, 91, 92, 95, 97], "summary": {"covered_lines": 28, "num_statements": 30, "percent_covered": 93.33333333333333, "percent_covered_display": "93", "missing_lines": 2, "excluded_lines": 0, "percent_statements_covered": 93.33333333333333, "percent_statements_covered_display": "93"}, "missing_lines": [52, 61], "excluded_lines": [], "start_line": 31}, "GitAnalysisAgent._get_all_repos": {"executed_lines": [101, 102, 104, 108, 109, 111, 112, 115, 116, 119, 120, 122], "summary": {"covered_lines": 12, "num_statements": 12, "percent_covered": 100.0, "percent_covered_display": "100", "missing_lines": 0, "excluded_lines": 0, "percent_statements_covered": 100.0, "percent_statements_covered_display": "100"}, "missing_lines": [], "excluded_lines": [], "start_line": 99}, "GitAnalysisAgent._should_scan_repo": {"executed_lines": [127, 128, 131, 134], "summary": {"covered_lines": 4, "num_statements": 5, "percent_covered": 80.0, "percent_covered_display": "80", "missing_lines": 1, "excluded_lines": 0, "percent_statements_covered": 80.0, "percent_statements_covered_display": "80"}, "missing_lines": [132], "excluded_lines": [], "start_line": 124}, "GitAnalysisAgent._categorize_commits": {"executed_lines": [138, 140, 141, 142, 144], "summary": {"covered_lines": 5, "num_statements": 5, "percent_covered": 100.0, "percent_covered_display": "100", "missing_lines": 0, "excluded_lines": 0, "percent_statements_covered": 100.0, "percent_statements_covered_display": "100"}, "missing_lines": [], "excluded_lines": [], "start_line": 136}, "GitAnalysisAgent._extract_top_features": {"executed_lines": [148, 151, 152, 157, 158, 160, 161, 163, 164, 165, 167], "summary": {"covered_lines": 11, "num_statements": 11, "percent_covered": 100.0, "percent_covered_display": "100", "missing_lines": 0, "excluded_lines": 0, "percent_statements_covered": 100.0, "percent_statements_covered_display": "100"}, "missing_lines": [], "excluded_lines": [], "start_line": 146}, "GitAnalysisAgent._estimate_hours": {"executed_lines": [171, 173, 174, 175, 176, 178, 179, 182, 183, 184, 187, 190, 191, 192, 195, 196, 198], "summary": {"covered_lines": 17, "num_statements": 17, "percent_covered": 100.0, "percent_covered_display": "100", "missing_lines": 0, "excluded_lines": 0, "percent_statements_covered": 100.0, "percent_statements_covered_display": "100"}, "missing_lines": [], "excluded_lines": [], "start_line": 169}, "": {"executed_lines": [4, 5, 6, 7, 10, 12, 13, 21, 24, 31, 99, 124, 136, 146, 169], "summary": {"covered_lines": 15, "num_statements": 15, "percent_covered": 100.0, "percent_covered_display": "100", "missing_lines": 0, "excluded_lines": 4, "percent_statements_covered": 100.0, "percent_statements_covered_display": "100"}, "missing_lines": [], "excluded_lines": [201, 203, 204, 205], "start_line": 1}}, "classes": {"GitAnalysisAgent": {"executed_lines": [26, 27, 28, 29, 33, 35, 36, 46, 48, 49, 51, 54, 55, 57, 59, 60, 63, 65, 66, 68, 79, 81, 82, 83, 85, 86, 88, 89, 91, 92, 95, 97, 101, 102, 104, 108, 109, 111, 112, 115, 116, 119, 120, 122, 127, 128, 131, 134, 138, 140, 141, 142, 144, 148, 151, 152, 157, 158, 160, 161, 163, 164, 165, 167, 171, 173, 174, 175, 176, 178, 179, 182, 183, 184, 187, 190, 191, 192, 195, 196, 198], "summary": {"covered_lines": 81, "num_statements": 84, "percent_covered": 96.42857142857143, "percent_covered_display": "96", "missing_lines": 3, "excluded_lines": 0, "percent_statements_covered": 96.42857142857143, "percent_statements_covered_display": "96"}, "missing_lines": [52, 61, 132], "excluded_lines": [], "start_line": 21}, "": {"executed_lines": [4, 5, 6, 7, 10, 12, 13, 21, 24, 31, 99, 124, 136, 146, 169], "summary": {"covered_lines": 15, "num_statements": 15, "percent_covered": 100.0, "percent_covered_display": "100", "missing_lines": 0, "excluded_lines": 4, "percent_statements_covered": 100.0, "percent_statements_covered_display": "100"}, "missing_lines": [], "excluded_lines": [201, 203, 204, 205], "start_line": 1}}}, "agents/orchestrator.py": {"executed_lines": [4, 5, 6, 7, 9, 11, 12, 13, 14, 16, 19, 22, 24, 25, 26, 27, 28, 30, 44, 45, 48, 50, 51, 52, 60, 62, 63, 64, 65, 73, 76, 78, 79, 81, 88, 89, 90, 97, 107, 108, 109, 111, 113, 114, 116, 117], "summary": {"covered_lines": 46, "num_statements": 46, "percent_covered": 100.0, "percent_covered_display": "100", "missing_lines": 0, "excluded_lines": 12, "percent_statements_covered": 100.0, "percent_statements_covered_display": "100"}, "missing_lines": [], "excluded_lines": [120, 121, 123, 125, 126, 128, 129, 130, 131, 132, 133, 134], "functions": {"OrchestratorAgent.__init__": {"executed_lines": [24, 25, 26, 27, 28], "summary": {"covered_lines": 5, "num_statements": 5, "percent_covered": 100.0, "percent_covered_display": "100", "missing_lines": 0, "excluded_lines": 0, "percent_statements_covered": 100.0, "percent_statements_covered_display": "100"}, "missing_lines": [], "excluded_lines": [], "start_line": 22}, "OrchestratorAgent.run_day": {"executed_lines": [44, 45, 48, 50, 51, 52, 60, 62, 63, 64, 65, 73, 76, 78, 79, 81, 88, 89, 90], "summary": {"covered_lines": 19, "num_statements": 19, "percent_covered": 100.0, "percent_covered_display": "100", "missing_lines": 0, "excluded_lines": 0, "percent_statements_covered": 100.0, "percent_statements_covered_display": "100"}, "missing_lines": [], "excluded_lines": [], "start_line": 30}, "OrchestratorAgent._write_entry": {"executed_lines": [107, 108, 109, 111, 113, 114, 116, 117], "summary": {"covered_lines": 8, "num_statements": 8, "percent_covered": 100.0, "percent_covered_display": "100", "missing_lines": 0, "excluded_lines": 0, "percent_statements_covered": 100.0, "percent_statements_covered_display": "100"}, "missing_lines": [], "excluded_lines": [], "start_line": 97}, "": {"executed_lines": [4, 5, 6, 7, 9, 11, 12, 13, 14, 16, 19, 22, 30, 97], "summary": {"covered_lines": 14, "num_statements": 14, "percent_covered": 100.0, "percent_covered_display": "100", "missing_lines": 0, "excluded_lines": 12, "percent_statements_covered": 100.0, "percent_statements_covered_display": "100"}, "missing_lines": [], "excluded_lines": [120, 121, 123, 125, 126, 128, 129, 130, 131, 132, 133, 134], "start_line": 1}}, "classes": {"OrchestratorAgent": {"executed_lines": [24, 25, 26, 27, 28, 44, 45, 48, 50, 51, 52, 60, 62, 63, 64, 65, 73, 76, 78, 79, 81, 88, 89, 90, 107, 108, 109, 111, 113, 114, 116, 117], "summary": {"covered_lines": 32, "num_statements": 32, "percent_covered": 100.0, "percent_covered_display": "100", "missing_lines": 0, "excluded_lines": 0, "percent_statements_covered": 100.0, "percent_statements_covered_display": "100"}, "missing_lines": [], "excluded_lines": [], "start_line": 19}, "": {"executed_lines": [4, 5, 6, 7, 9, 11, 12, 13, 14, 16, 19, 22, 30, 97], "summary": {"covered_lines": 14, "num_statements": 14, "percent_covered": 100.0, "percent_covered_display": "100", "missing_lines": 0, "excluded_lines": 12, "percent_statements_covered": 100.0, "percent_statements_covered_display": "100"}, "missing_lines": [], "excluded_lines": [120, 121, 123, 125, 126, 128, 129, 130, 131, 132, 133, 134], "start_line": 1}}}, "agents/quality_assurance.py": {"executed_lines": [4, 5, 6, 7, 8, 10, 12, 13, 14, 17, 20, 22, 23, 25, 27, 29, 39, 41, 42, 43, 44, 47, 48, 90, 91, 92, 93, 95, 97, 99, 131, 132, 138, 141, 142, 143, 145, 147, 154, 155, 156, 163, 165, 168, 171, 172, 173, 174, 177, 178, 179, 180, 181, 186, 187, 188, 189, 190, 191, 193, 195, 197, 200, 201, 203, 204, 205, 206, 207, 208, 211, 212, 215, 217, 218, 221, 223, 225], "summary": {"covered_lines": 78, "num_statements": 108, "percent_covered": 72.22222222222223, "percent_covered_display": "72", "missing_lines": 30, "excluded_lines": 6, "percent_statements_covered": 72.22222222222223, "percent_statements_covered_display": "72"}, "missing_lines": [51, 52, 53, 54, 57, 58, 59, 62, 63, 65, 66, 67, 70, 71, 74, 75, 76, 77, 78, 80, 82, 85, 86, 87, 88, 227, 229, 230, 232, 234], "excluded_lines": [237, 239, 241, 273, 294, 295], "functions": {"QualityAssuranceAgent.__init__": {"executed_lines": [22, 23], "summary": {"covered_lines": 2, "num_statements": 2, "percent_covered": 100.0, "percent_covered_display": "100", "missing_lines": 0, "excluded_lines": 0, "percent_statements_covered": 100.0, "percent_statements_covered_display": "100"}, "missing_lines": [], "excluded_lines": [], "start_line": 20}, "QualityAssuranceAgent.validate_and_commit": {"executed_lines": [27, 29, 39, 41, 42, 43, 44, 47, 48, 90, 91, 92, 93, 95], "summary": {"covered_lines": 14, "num_statements": 39, "percent_covered": 35.8974358974359, "percent_covered_display": "36", "missing_lines": 25, "excluded_lines": 0, "percent_statements_covered": 35.8974358974359, "percent_statements_covered_display": "36"}, "missing_lines": [51, 52, 53, 54, 57, 58, 59, 62, 63, 65, 66, 67, 70, 71, 74, 75, 76, 77, 78, 80, 82, 85, 86, 87, 88], "excluded_lines": [], "start_line": 25}, "QualityAssuranceAgent._review_quality": {"executed_lines": [99, 131, 132, 138, 141, 142, 143, 145, 147, 154, 155, 156], "summary": {"covered_lines": 12, "num_statements": 12, "percent_covered": 100.0, "percent_covered_display": "100", "missing_lines": 0, "excluded_lines": 0, "percent_statements_covered": 100.0, "percent_statements_covered_display": "100"}, "missing_lines": [], "excluded_lines": [], "start_line": 97}, "QualityAssuranceAgent._check_cross_references": {"executed_lines": [165, 168, 171, 172, 173, 174, 177, 178, 179, 180, 181, 186, 187, 188, 189, 190, 191, 193], "summary": {"covered_lines": 18, "num_statements": 18, "percent_covered": 100.0, "percent_covered_display": "100", "missing_lines": 0, "excluded_lines": 0, "percent_statements_covered": 100.0, "percent_statements_covered_display": "100"}, "missing_lines": [], "excluded_lines": [], "start_line": 163}, "QualityAssuranceAgent._create_journal_file": {"executed_lines": [197, 200, 201, 203, 204, 205, 206, 207, 208, 211, 212, 215, 217, 218, 221, 223], "summary": {"covered_lines": 16, "num_statements": 16, "percent_covered": 100.0, "percent_covered_display": "100", "missing_lines": 0, "excluded_lines": 0, "percent_statements_covered": 100.0, "percent_statements_covered_display": "100"}, "missing_lines": [], "excluded_lines": [], "start_line": 195}, "QualityAssuranceAgent._commit_file": {"executed_lines": [], "summary": {"covered_lines": 0, "num_statements": 5, "percent_covered": 0.0, "percent_covered_display": "0", "missing_lines": 5, "excluded_lines": 0, "percent_statements_covered": 0.0, "percent_statements_covered_display": "0"}, "missing_lines": [227, 229, 230, 232, 234], "excluded_lines": [], "start_line": 225}, "": {"executed_lines": [4, 5, 6, 7, 8, 10, 12, 13, 14, 17, 20, 25, 97, 163, 195, 225], "summary": {"covered_lines": 16, "num_statements": 16, "percent_covered": 100.0, "percent_covered_display": "100", "missing_lines": 0, "excluded_lines": 6, "percent_statements_covered": 100.0, "percent_statements_covered_display": "100"}, "missing_lines": [], "excluded_lines": [237, 239, 241, 273, 294, 295], "start_line": 1}}, "classes": {"QualityAssuranceAgent": {"executed_lines": [22, 23, 27, 29, 39, 41, 42, 43, 44, 47, 48, 90, 91, 92, 93, 95, 99, 131, 132, 138, 141, 142, 143, 145, 147, 154, 155, 156, 165, 168, 171, 172, 173, 174, 177, 178, 179, 180, 181, 186, 187, 188, 189, 190, 191, 193, 197, 200, 201, 203, 204, 205, 206, 207, 208, 211, 212, 215, 217, 218, 221, 223], "summary": {"covered_lines": 62, "num_statements": 92, "percent_covered": 67.3913043478261, "percent_covered_display": "67", "missing_lines": 30, "excluded_lines": 0, "percent_statements_covered": 67.3913043478261, "percent_statements_covered_display": "67"}, "missing_lines": [51, 52, 53, 54, 57, 58, 59, 62, 63, 65, 66, 67, 70, 71, 74, 75, 76, 77, 78, 80, 82, 85, 86, 87, 88, 227, 229, 230, 232, 234], "excluded_lines": [], "start_line": 17}, "": {"executed_lines": [4, 5, 6, 7, 8, 10, 12, 13, 14, 17, 20, 25, 97, 163, 195, 225], "summary": {"covered_lines": 16, "num_statements": 16, "percent_covered": 100.0, "percent_covered_display": "100", "missing_lines": 0, "excluded_lines": 6, "percent_statements_covered": 100.0, "percent_statements_covered_display": "100"}, "missing_lines": [], "excluded_lines": [237, 239, 241, 273, 294, 295], "start_line": 1}}}, "agents/validator.py": {"executed_lines": [4, 5, 6, 7, 9, 12, 15, 18, 20, 22, 35, 36, 38, 39, 40, 43, 44, 46, 47, 49, 50, 52, 53, 56, 59, 61, 62, 64, 66, 76, 77, 79, 89, 91, 100, 101, 102, 103, 106, 107, 108, 110, 119, 120, 121, 123, 124, 127, 128, 130, 131, 132, 133], "summary": {"covered_lines": 53, "num_statements": 53, "percent_covered": 100.0, "percent_covered_display": "100", "missing_lines": 0, "excluded_lines": 20, "percent_statements_covered": 100.0, "percent_statements_covered_display": "100"}, "missing_lines": [], "excluded_lines": [138, 139, 141, 143, 146, 147, 148, 150, 151, 152, 153, 154, 155, 156, 157, 158, 159, 160, 161, 162], "functions": {"ValidationAgent.__init__": {"executed_lines": [20], "summary": {"covered_lines": 1, "num_statements": 1, "percent_covered": 100.0, "percent_covered_display": "100", "missing_lines": 0, "excluded_lines": 0, "percent_statements_covered": 100.0, "percent_statements_covered_display": "100"}, "missing_lines": [], "excluded_lines": [], "start_line": 18}, "ValidationAgent.validate_entry": {"executed_lines": [35, 36, 38, 39, 40, 43, 44, 46, 47, 49, 50, 52, 53, 56, 59, 61, 62, 64], "summary": {"covered_lines": 18, "num_statements": 18, "percent_covered": 100.0, "percent_covered_display": "100", "missing_lines": 0, "excluded_lines": 0, "percent_statements_covered": 100.0, "percent_statements_covered_display": "100"}, "missing_lines": [], "excluded_lines": [], "start_line": 22}, "ValidationAgent._has_header": {"executed_lines": [76, 77], "summary": {"covered_lines": 2, "num_statements": 2, "percent_covered": 100.0, "percent_covered_display": "100", "missing_lines": 0, "excluded_lines": 0, "percent_statements_covered": 100.0, "percent_statements_covered_display": "100"}, "missing_lines": [], "excluded_lines": [], "start_line": 66}, "ValidationAgent._has_section": {"executed_lines": [89], "summary": {"covered_lines": 1, "num_statements": 1, "percent_covered": 100.0, "percent_covered_display": "100", "missing_lines": 0, "excluded_lines": 0, "percent_statements_covered": 100.0, "percent_statements_covered_display": "100"}, "missing_lines": [], "excluded_lines": [], "start_line": 79}, "ValidationAgent._check_markdown_formatting": {"executed_lines": [100, 101, 102, 103, 106, 107, 108], "summary": {"covered_lines": 7, "num_statements": 7, "percent_covered": 100.0, "percent_covered_display": "100", "missing_lines": 0, "excluded_lines": 0, "percent_statements_covered": 100.0, "percent_statements_covered_display": "100"}, "missing_lines": [], "excluded_lines": [], "start_line": 91}, "ValidationAgent._check_date_consistency": {"executed_lines": [119, 120, 121, 123, 124, 127, 128, 130, 131, 132, 133], "summary": {"covered_lines": 11, "num_statements": 11, "percent_covered": 100.0, "percent_covered_display": "100", "missing_lines": 0, "excluded_lines": 0, "percent_statements_covered": 100.0, "percent_statements_covered_display": "100"}, "missing_lines": [], "excluded_lines": [], "start_line": 110}, "": {"executed_lines": [4, 5, 6, 7, 9, 12, 15, 18, 22, 66, 79, 91, 110], "summary": {"covered_lines": 13, "num_statements": 13, "percent_covered": 100.0, "percent_covered_display": "100", "missing_lines": 0, "excluded_lines": 20, "percent_statements_covered": 100.0, "percent_statements_covered_display": "100"}, "missing_lines": [], "excluded_lines": [138, 139, 141, 143, 146, 147, 148, 150, 151, 152, 153, 154, 155, 156, 157, 158, 159, 160, 161, 162], "start_line": 1}}, "classes": {"ValidationAgent": {"executed_lines": [20, 35, 36, 38, 39, 40, 43, 44, 46, 47, 49, 50, 52, 53, 56, 59, 61, 62, 64, 76, 77, 89, 100, 101, 102, 103, 106, 107, 108, 119, 120, 121, 123, 124, 127, 128, 130, 131, 132, 133], "summary": {"covered_lines": 40, "num_statements": 40, "percent_covered": 100.0, "percent_covered_display": "100", "missing_lines": 0, "excluded_lines": 0, "percent_statements_covered": 100.0, "percent_statements_covered_display": "100"}, "missing_lines": [], "excluded_lines": [], "start_line": 15}, "": {"executed_lines": [4, 5, 6, 7, 9, 12, 15, 18, 22, 66, 79, 91, 110], "summary": {"covered_lines": 13, "num_statements": 13, "percent_covered": 100.0, "percent_covered_display": "100", "missing_lines": 0, "excluded_lines": 20, "percent_statements_covered": 100.0, "percent_statements_covered_display": "100"}, "missing_lines": [], "excluded_lines": [138, 139, 141, 143, 146, 147, 148, 150, 151, 152, 153, 154, 155, 156, 157, 158, 159, 160, 161, 162], "start_line": 1}}}, "commit_agent.py": {"executed_lines": [4, 5, 6, 8, 10, 13, 16, 18, 19, 20, 22, 37, 38, 39, 46, 48, 49, 57, 58, 61, 72, 82, 84, 85, 87, 95, 102, 103, 110, 112, 115, 122, 123, 129, 130, 137, 146, 147, 149, 155, 157, 158, 160, 164, 165, 166, 168, 169, 171, 172, 173, 176], "summary": {"covered_lines": 52, "num_statements": 70, "percent_covered": 74.28571428571429, "percent_covered_display": "74", "missing_lines": 18, "excluded_lines": 2, "percent_statements_covered": 74.28571428571429, "percent_statements_covered_display": "74"}, "missing_lines": [51, 56, 63, 64, 65, 113, 178, 179, 181, 183, 184, 186, 187, 189, 190, 191, 192, 194], "excluded_lines": [197, 198], "functions": {"CommitAgent.__init__": {"executed_lines": [18, 19, 20], "summary": {"covered_lines": 3, "num_statements": 3, "percent_covered": 100.0, "percent_covered_display": "100", "missing_lines": 0, "excluded_lines": 0, "percent_statements_covered": 100.0, "percent_statements_covered_display": "100"}, "missing_lines": [], "excluded_lines": [], "start_line": 16}, "CommitAgent.commit_entry": {"executed_lines": [37, 38, 39, 46, 48, 49, 57, 58, 61], "summary": {"covered_lines": 9, "num_statements": 14, "percent_covered": 64.28571428571429, "percent_covered_display": "64", "missing_lines": 5, "excluded_lines": 0, "percent_statements_covered": 64.28571428571429, "percent_statements_covered_display": "64"}, "missing_lines": [51, 56, 63, 64, 65], "excluded_lines": [], "start_line": 22}, "CommitAgent._commit_with_git_commands": {"executed_lines": [82, 84, 85, 87, 95, 102, 103, 110, 112, 115, 122, 123, 129, 130], "summary": {"covered_lines": 14, "num_statements": 15, "percent_covered": 93.33333333333333, "percent_covered_display": "93", "missing_lines": 1, "excluded_lines": 0, "percent_statements_covered": 93.33333333333333, "percent_statements_covered_display": "93"}, "missing_lines": [113], "excluded_lines": [], "start_line": 72}, "CommitAgent._generate_commit_message": {"executed_lines": [146, 147], "summary": {"covered_lines": 2, "num_statements": 2, "percent_covered": 100.0, "percent_covered_display": "100", "missing_lines": 0, "excluded_lines": 0, "percent_statements_covered": 100.0, "percent_statements_covered_display": "100"}, "missing_lines": [], "excluded_lines": [], "start_line": 137}, "CommitAgent._push_changes": {"executed_lines": [155, 157, 158, 160, 164, 165, 166, 168, 169, 171, 172, 173], "summary": {"covered_lines": 12, "num_statements": 12, "percent_covered": 100.0, "percent_covered_display": "100", "missing_lines": 0, "excluded_lines": 0, "percent_statements_covered": 100.0, "percent_statements_covered_display": "100"}, "missing_lines": [], "excluded_lines": [], "start_line": 149}, "main": {"executed_lines": [], "summary": {"covered_lines": 0, "num_statements": 12, "percent_covered": 0.0, "percent_covered_display": "0", "missing_lines": 12, "excluded_lines": 0, "percent_statements_covered": 0.0, "percent_statements_covered_display": "0"}, "missing_lines": [178, 179, 181, 183, 184, 186, 187, 189, 190, 191, 192, 194], "excluded_lines": [], "start_line": 176}, "": {"executed_lines": [4, 5, 6, 8, 10, 13, 16, 22, 72, 137, 149, 176], "summary": {"covered_lines": 12, "num_statements": 12, "percent_covered": 100.0, "percent_covered_display": "100", "missing_lines": 0, "excluded_lines": 2, "percent_statements_covered": 100.0, "percent_statements_covered_display": "100"}, "missing_lines": [], "excluded_lines": [197, 198], "start_line": 1}}, "classes": {"CommitAgent": {"executed_lines": [18, 19, 20, 37, 38, 39, 46, 48, 49, 57, 58, 61, 82, 84, 85, 87, 95, 102, 103, 110, 112, 115, 122, 123, 129, 130, 146, 147, 155, 157, 158, 160, 164, 165, 166, 168, 169, 171, 172, 173], "summary": {"covered_lines": 40, "num_statements": 46, "percent_covered": 86.95652173913044, "percent_covered_display": "87", "missing_lines": 6, "excluded_lines": 0, "percent_statements_covered": 86.95652173913044, "percent_statements_covered_display": "87"}, "missing_lines": [51, 56, 63, 64, 65, 113], "excluded_lines": [], "start_line": 13}, "": {"executed_lines": [4, 5, 6, 8, 10, 13, 16, 22, 72, 137, 149, 176], "summary": {"covered_lines": 12, "num_statements": 24, "percent_covered": 50.0, "percent_covered_display": "50", "missing_lines": 12, "excluded_lines": 2, "percent_statements_covered": 50.0, "percent_statements_covered_display": "50"}, "missing_lines": [178, 179, 181, 183, 184, 186, 187, 189, 190, 191, 192, 194], "excluded_lines": [197, 198], "start_line": 1}}}, "config.py": {"executed_lines": [4, 5, 7, 53, 56, 58, 62, 63, 66, 67, 68, 69, 73, 76, 82, 84], "summary": {"covered_lines": 16, "num_statements": 21, "percent_covered": 76.19047619047619, "percent_covered_display": "76", "missing_lines": 5, "excluded_lines": 0, "percent_statements_covered": 76.19047619047619, "percent_statements_covered_display": "76"}, "missing_lines": [59, 60, 71, 78, 79], "excluded_lines": [], "functions": {"load_config": {"executed_lines": [58, 62, 63, 66, 67, 68, 69, 73], "summary": {"covered_lines": 8, "num_statements": 11, "percent_covered": 72.72727272727273, "percent_covered_display": "73", "missing_lines": 3, "excluded_lines": 0, "percent_statements_covered": 72.72727272727273, "percent_statements_covered_display": "73"}, "missing_lines": [59, 60, 71], "excluded_lines": [], "start_line": 56}, "save_config": {"executed_lines": [], "summary": {"covered_lines": 0, "num_statements": 2, "percent_covered": 0.0, "percent_covered_display": "0", "missing_lines": 2, "excluded_lines": 0, "percent_statements_covered": 0.0, "percent_statements_covered_display": "0"}, "missing_lines": [78, 79], "excluded_lines": [], "start_line": 76}, "get_config": {"executed_lines": [84], "summary": {"covered_lines": 1, "num_statements": 1, "percent_covered": 100.0, "percent_covered_display": "100", "missing_lines": 0, "excluded_lines": 0, "percent_statements_covered": 100.0, "percent_statements_covered_display": "100"}, "missing_lines": [], "excluded_lines": [], "start_line": 82}, "": {"executed_lines": [4, 5, 7, 53, 56, 76, 82], "summary": {"covered_lines": 7, "num_statements": 7, "percent_covered": 100.0, "percent_covered_display": "100", "missing_lines": 0, "excluded_lines": 0, "percent_statements_covered": 100.0, "percent_statements_covered_display": "100"}, "missing_lines": [], "excluded_lines": [], "start_line": 1}}, "classes": {"": {"executed_lines": [4, 5, 7, 53, 56, 58, 62, 63, 66, 67, 68, 69, 73, 76, 82, 84], "summary": {"covered_lines": 16, "num_statements": 21, "percent_covered": 76.19047619047619, "percent_covered_display": "76", "missing_lines": 5, "excluded_lines": 0, "percent_statements_covered": 76.19047619047619, "percent_statements_covered_display": "76"}, "missing_lines": [59, 60, 71, 78, 79], "excluded_lines": [], "start_line": 1}}}, "main.py": {"executed_lines": [4, 5, 6, 7, 8, 10, 11, 12, 15, 17, 21, 24, 25, 30, 31, 36, 37, 40, 41, 45, 47, 48, 49, 52, 53, 55, 57, 59, 60, 61, 64, 67, 68, 87, 94, 96, 98, 100, 101, 103, 104, 105, 112, 119, 121, 122, 123, 141, 166, 173, 175, 176, 177, 179, 197, 200, 212, 213, 214, 215], "summary": {"covered_lines": 60, "num_statements": 105, "percent_covered": 57.142857142857146, "percent_covered_display": "57", "missing_lines": 45, "excluded_lines": 2, "percent_statements_covered": 57.142857142857146, "percent_statements_covered_display": "57"}, "missing_lines": [62, 69, 70, 71, 72, 73, 74, 76, 77, 79, 80, 81, 82, 83, 84, 106, 108, 109, 125, 127, 129, 130, 132, 133, 135, 136, 137, 138, 148, 150, 152, 154, 155, 157, 158, 159, 160, 162, 163, 180, 183, 185, 192, 193, 195], "excluded_lines": [218, 219], "functions": {"main": {"executed_lines": [17, 21, 24, 25, 30, 31, 36, 37, 40, 41, 45, 47, 48, 49, 52, 53, 55, 57, 59, 60, 61, 64, 67, 68], "summary": {"covered_lines": 24, "num_statements": 39, "percent_covered": 61.53846153846154, "percent_covered_display": "62", "missing_lines": 15, "excluded_lines": 0, "percent_statements_covered": 61.53846153846154, "percent_statements_covered_display": "62"}, "missing_lines": [62, 69, 70, 71, 72, 73, 74, 76, 77, 79, 80, 81, 82, 83, 84], "excluded_lines": [], "start_line": 15}, "cmd_generate": {"executed_lines": [94, 96, 98, 100, 101, 103, 104, 105], "summary": {"covered_lines": 8, "num_statements": 11, "percent_covered": 72.72727272727273, "percent_covered_display": "73", "missing_lines": 3, "excluded_lines": 0, "percent_statements_covered": 72.72727272727273, "percent_statements_covered_display": "73"}, "missing_lines": [106, 108, 109], "excluded_lines": [], "start_line": 87}, "cmd_validate": {"executed_lines": [119, 121, 122, 123], "summary": {"covered_lines": 4, "num_statements": 14, "percent_covered": 28.571428571428573, "percent_covered_display": "29", "missing_lines": 10, "excluded_lines": 0, "percent_statements_covered": 28.571428571428573, "percent_statements_covered_display": "29"}, "missing_lines": [125, 127, 129, 130, 132, 133, 135, 136, 137, 138], "excluded_lines": [], "start_line": 112}, "cmd_run": {"executed_lines": [], "summary": {"covered_lines": 0, "num_statements": 11, "percent_covered": 0.0, "percent_covered_display": "0", "missing_lines": 11, "excluded_lines": 0, "percent_statements_covered": 0.0, "percent_statements_covered_display": "0"}, "missing_lines": [148, 150, 152, 154, 155, 157, 158, 159, 160, 162, 163], "excluded_lines": [], "start_line": 141}, "cmd_status": {"executed_lines": [173, 175, 176, 177, 179, 197], "summary": {"covered_lines": 6, "num_statements": 12, "percent_covered": 50.0, "percent_covered_display": "50", "missing_lines": 6, "excluded_lines": 0, "percent_statements_covered": 50.0, "percent_statements_covered_display": "50"}, "missing_lines": [180, 183, 185, 192, 193, 195], "excluded_lines": [], "start_line": 166}, "parse_date": {"executed_lines": [212, 213, 214, 215], "summary": {"covered_lines": 4, "num_statements": 4, "percent_covered": 100.0, "percent_covered_display": "100", "missing_lines": 0, "excluded_lines": 0, "percent_statements_covered": 100.0, "percent_statements_covered_display": "100"}, "missing_lines": [], "excluded_lines": [], "start_line": 200}, "": {"executed_lines": [4, 5, 6, 7, 8, 10, 11, 12, 15, 87, 112, 141, 166, 200], "summary": {"covered_lines": 14, "num_statements": 14, "percent_covered": 100.0, "percent_covered_display": "100", "missing_lines": 0, "excluded_lines": 2, "percent_statements_covered": 100.0, "percent_statements_covered_display": "100"}, "missing_lines": [], "excluded_lines": [218, 219], "start_line": 1}}, "classes": {"": {"executed_lines": [4, 5, 6, 7, 8, 10, 11, 12, 15, 17, 21, 24, 25, 30, 31, 36, 37, 40, 41, 45, 47, 48, 49, 52, 53, 55, 57, 59, 60, 61, 64, 67, 68, 87, 94, 96, 98, 100, 101, 103, 104, 105, 112, 119, 121, 122, 123, 141, 166, 173, 175, 176, 177, 179, 197, 200, 212, 213, 214, 215], "summary": {"covered_lines": 60, "num_statements": 105, "percent_covered": 57.142857142857146, "percent_covered_display": "57", "missing_lines": 45, "excluded_lines": 2, "percent_statements_covered": 57.142857142857146, "percent_statements_covered_display": "57"}, "missing_lines": [62, 69, 70, 71, 72, 73, 74, 76, 77, 79, 80, 81, 82, 83, 84, 106, 108, 109, 125, 127, 129, 130, 132, 133, 135, 136, 137, 138, 148, 150, 152, 154, 155, 157, 158, 159, 160, 162, 163, 180, 183, 185, 192, 193, 195], "excluded_lines": [218, 219], "start_line": 1}}}, "opencode_client.py": {"executed_lines": [4, 5, 6, 8, 11, 14, 20, 21, 23, 29, 30, 31, 33, 39, 40, 41, 42, 44, 57, 58, 60, 65, 70, 72, 73, 74, 75, 76, 77, 78, 79, 80, 81, 82, 84, 86, 99, 100, 102, 107, 112, 114, 115, 116, 117, 118, 119, 120, 123], "summary": {"covered_lines": 49, "num_statements": 55, "percent_covered": 89.0909090909091, "percent_covered_display": "89", "missing_lines": 6, "excluded_lines": 2, "percent_statements_covered": 89.0909090909091, "percent_statements_covered_display": "89"}, "missing_lines": [125, 127, 128, 129, 131, 132], "excluded_lines": [135, 136], "functions": {"OpenCodeClient.__init__": {"executed_lines": [20, 21], "summary": {"covered_lines": 2, "num_statements": 2, "percent_covered": 100.0, "percent_covered_display": "100", "missing_lines": 0, "excluded_lines": 0, "percent_statements_covered": 100.0, "percent_statements_covered_display": "100"}, "missing_lines": [], "excluded_lines": [], "start_line": 14}, "OpenCodeClient.health": {"executed_lines": [29, 30, 31], "summary": {"covered_lines": 3, "num_statements": 3, "percent_covered": 100.0, "percent_covered_display": "100", "missing_lines": 0, "excluded_lines": 0, "percent_statements_covered": 100.0, "percent_statements_covered_display": "100"}, "missing_lines": [], "excluded_lines": [], "start_line": 23}, "OpenCodeClient.create_session": {"executed_lines": [39, 40, 41, 42], "summary": {"covered_lines": 4, "num_statements": 4, "percent_covered": 100.0, "percent_covered_display": "100", "missing_lines": 0, "excluded_lines": 0, "percent_statements_covered": 100.0, "percent_statements_covered_display": "100"}, "missing_lines": [], "excluded_lines": [], "start_line": 33}, "OpenCodeClient.chat": {"executed_lines": [57, 58, 60, 65, 70, 72, 73, 74, 75, 76, 77, 78, 79, 80, 81, 82, 84], "summary": {"covered_lines": 17, "num_statements": 17, "percent_covered": 100.0, "percent_covered_display": "100", "missing_lines": 0, "excluded_lines": 0, "percent_statements_covered": 100.0, "percent_statements_covered_display": "100"}, "missing_lines": [], "excluded_lines": [], "start_line": 44}, "OpenCodeClient.chat_stream": {"executed_lines": [99, 100, 102, 107, 112, 114, 115, 116, 117, 118, 119, 120], "summary": {"covered_lines": 12, "num_statements": 12, "percent_covered": 100.0, "percent_covered_display": "100", "missing_lines": 0, "excluded_lines": 0, "percent_statements_covered": 100.0, "percent_statements_covered_display": "100"}, "missing_lines": [], "excluded_lines": [], "start_line": 86}, "main": {"executed_lines": [], "summary": {"covered_lines": 0, "num_statements": 6, "percent_covered": 0.0, "percent_covered_display": "0", "missing_lines": 6, "excluded_lines": 0, "percent_statements_covered": 0.0, "percent_statements_covered_display": "0"}, "missing_lines": [125, 127, 128, 129, 131, 132], "excluded_lines": [], "start_line": 123}, "": {"executed_lines": [4, 5, 6, 8, 11, 14, 23, 33, 44, 86, 123], "summary": {"covered_lines": 11, "num_statements": 11, "percent_covered": 100.0, "percent_covered_display": "100", "missing_lines": 0, "excluded_lines": 2, "percent_statements_covered": 100.0, "percent_statements_covered_display": "100"}, "missing_lines": [], "excluded_lines": [135, 136], "start_line": 1}}, "classes": {"OpenCodeClient": {"executed_lines": [20, 21, 29, 30, 31, 39, 40, 41, 42, 57, 58, 60, 65, 70, 72, 73, 74, 75, 76, 77, 78, 79, 80, 81, 82, 84, 99, 100, 102, 107, 112, 114, 115, 116, 117, 118, 119, 120], "summary": {"covered_lines": 38, "num_statements": 38, "percent_covered": 100.0, "percent_covered_display": "100", "missing_lines": 0, "excluded_lines": 0, "percent_statements_covered": 100.0, "percent_statements_covered_display": "100"}, "missing_lines": [], "excluded_lines": [], "start_line": 11}, "": {"executed_lines": [4, 5, 6, 8, 11, 14, 23, 33, 44, 86, 123], "summary": {"covered_lines": 11, "num_statements": 17, "percent_covered": 64.70588235294117, "percent_covered_display": "65", "missing_lines": 6, "excluded_lines": 2, "percent_statements_covered": 64.70588235294117, "percent_statements_covered_display": "65"}, "missing_lines": [125, 127, 128, 129, 131, 132], "excluded_lines": [135, 136], "start_line": 1}}}, "orchestrator.py": {"executed_lines": [], "summary": {"covered_lines": 0, "num_statements": 279, "percent_covered": 0.0, "percent_covered_display": "0", "missing_lines": 279, "excluded_lines": 2, "percent_statements_covered": 0.0, "percent_statements_covered_display": "0"}, "missing_lines": [4, 5, 6, 7, 8, 10, 12, 13, 14, 15, 16, 17, 20, 23, 25, 26, 28, 30, 32, 34, 35, 59, 65, 67, 68, 69, 70, 71, 72, 76, 77, 78, 79, 80, 82, 85, 88, 90, 91, 93, 95, 97, 99, 100, 128, 134, 136, 137, 138, 139, 140, 141, 148, 149, 150, 151, 152, 154, 157, 160, 162, 163, 164, 165, 166, 167, 168, 170, 179, 180, 181, 183, 191, 192, 193, 194, 196, 198, 199, 200, 201, 203, 205, 207, 211, 212, 213, 215, 216, 217, 219, 221, 225, 227, 228, 229, 230, 232, 233, 234, 235, 237, 239, 240, 241, 242, 243, 244, 246, 248, 250, 251, 252, 253, 254, 255, 257, 258, 259, 261, 262, 263, 265, 267, 268, 269, 270, 275, 276, 277, 278, 279, 281, 282, 283, 284, 286, 287, 288, 289, 291, 293, 295, 296, 297, 298, 300, 301, 302, 303, 305, 306, 311, 313, 315, 316, 317, 318, 323, 324, 325, 326, 327, 328, 330, 331, 332, 333, 335, 336, 337, 338, 340, 342, 344, 345, 348, 350, 352, 354, 355, 357, 359, 360, 361, 362, 363, 364, 365, 366, 368, 370, 371, 373, 375, 376, 377, 378, 379, 380, 381, 382, 384, 386, 387, 389, 390, 392, 393, 395, 403, 405, 406, 407, 409, 411, 412, 413, 415, 417, 418, 419, 421, 423, 424, 426, 436, 437, 445, 451, 453, 454, 456, 457, 459, 460, 461, 463, 465, 477, 478, 480, 481, 483, 484, 485, 486, 488, 490, 492, 493, 494, 496, 498, 499, 501, 506, 507, 508, 509, 510, 513, 515, 517, 518, 525, 527, 528, 530, 531, 532, 533, 534, 535, 537, 538, 539, 540, 542], "excluded_lines": [545, 546], "functions": {"FactCheckingAgent.__init__": {"executed_lines": [], "summary": {"covered_lines": 0, "num_statements": 2, "percent_covered": 0.0, "percent_covered_display": "0", "missing_lines": 2, "excluded_lines": 0, "percent_statements_covered": 0.0, "percent_statements_covered_display": "0"}, "missing_lines": [25, 26], "excluded_lines": [], "start_line": 23}, "FactCheckingAgent.verify_facts": {"executed_lines": [], "summary": {"covered_lines": 0, "num_statements": 18, "percent_covered": 0.0, "percent_covered_display": "0", "missing_lines": 18, "excluded_lines": 0, "percent_statements_covered": 0.0, "percent_statements_covered_display": "0"}, "missing_lines": [30, 32, 34, 35, 59, 65, 67, 68, 69, 70, 71, 72, 76, 77, 78, 79, 80, 82], "excluded_lines": [], "start_line": 28}, "QualityAssuranceAgent.__init__": {"executed_lines": [], "summary": {"covered_lines": 0, "num_statements": 2, "percent_covered": 0.0, "percent_covered_display": "0", "missing_lines": 2, "excluded_lines": 0, "percent_statements_covered": 0.0, "percent_statements_covered_display": "0"}, "missing_lines": [90, 91], "excluded_lines": [], "start_line": 88}, "QualityAssuranceAgent.check_quality": {"executed_lines": [], "summary": {"covered_lines": 0, "num_statements": 18, "percent_covered": 0.0, "percent_covered_display": "0", "missing_lines": 18, "excluded_lines": 0, "percent_statements_covered": 0.0, "percent_statements_covered_display": "0"}, "missing_lines": [95, 97, 99, 100, 128, 134, 136, 137, 138, 139, 140, 141, 148, 149, 150, 151, 152, 154], "excluded_lines": [], "start_line": 93}, "Orchestrator.__init__": {"executed_lines": [], "summary": {"covered_lines": 0, "num_statements": 7, "percent_covered": 0.0, "percent_covered_display": "0", "missing_lines": 7, "excluded_lines": 0, "percent_statements_covered": 0.0, "percent_statements_covered_display": "0"}, "missing_lines": [162, 163, 164, 165, 166, 167, 168], "excluded_lines": [], "start_line": 160}, "Orchestrator.run_day": {"executed_lines": [], "summary": {"covered_lines": 0, "num_statements": 40, "percent_covered": 0.0, "percent_covered_display": "0", "missing_lines": 40, "excluded_lines": 0, "percent_statements_covered": 0.0, "percent_statements_covered_display": "0"}, "missing_lines": [179, 180, 181, 183, 191, 192, 193, 194, 196, 198, 199, 200, 201, 203, 205, 207, 211, 212, 213, 215, 216, 217, 219, 221, 225, 227, 228, 229, 230, 232, 233, 234, 235, 237, 239, 240, 241, 242, 243, 244], "excluded_lines": [], "start_line": 170}, "Orchestrator._run_git_analysis": {"executed_lines": [], "summary": {"covered_lines": 0, "num_statements": 31, "percent_covered": 0.0, "percent_covered_display": "0", "missing_lines": 31, "excluded_lines": 0, "percent_statements_covered": 0.0, "percent_statements_covered_display": "0"}, "missing_lines": [248, 250, 251, 252, 253, 254, 255, 257, 258, 259, 261, 262, 263, 265, 267, 268, 269, 270, 275, 276, 277, 278, 279, 281, 282, 283, 284, 286, 287, 288, 289], "excluded_lines": [], "start_line": 246}, "Orchestrator._run_content_generation": {"executed_lines": [], "summary": {"covered_lines": 0, "num_statements": 31, "percent_covered": 0.0, "percent_covered_display": "0", "missing_lines": 31, "excluded_lines": 0, "percent_statements_covered": 0.0, "percent_statements_covered_display": "0"}, "missing_lines": [293, 295, 296, 297, 298, 300, 301, 302, 303, 305, 306, 311, 313, 315, 316, 317, 318, 323, 324, 325, 326, 327, 328, 330, 331, 332, 333, 335, 336, 337, 338], "excluded_lines": [], "start_line": 291}, "Orchestrator._run_parallel_checks": {"executed_lines": [], "summary": {"covered_lines": 0, "num_statements": 5, "percent_covered": 0.0, "percent_covered_display": "0", "missing_lines": 5, "excluded_lines": 0, "percent_statements_covered": 0.0, "percent_statements_covered_display": "0"}, "missing_lines": [342, 344, 345, 348, 350], "excluded_lines": [], "start_line": 340}, "Orchestrator._run_fact_checking": {"executed_lines": [], "summary": {"covered_lines": 0, "num_statements": 11, "percent_covered": 0.0, "percent_covered_display": "0", "missing_lines": 11, "excluded_lines": 0, "percent_statements_covered": 0.0, "percent_statements_covered_display": "0"}, "missing_lines": [354, 355, 357, 359, 360, 361, 362, 363, 364, 365, 366], "excluded_lines": [], "start_line": 352}, "Orchestrator._run_quality_assurance": {"executed_lines": [], "summary": {"covered_lines": 0, "num_statements": 11, "percent_covered": 0.0, "percent_covered_display": "0", "missing_lines": 11, "excluded_lines": 0, "percent_statements_covered": 0.0, "percent_statements_covered_display": "0"}, "missing_lines": [370, 371, 373, 375, 376, 377, 378, 379, 380, 381, 382], "excluded_lines": [], "start_line": 368}, "Orchestrator._evaluate_qa_result": {"executed_lines": [], "summary": {"covered_lines": 0, "num_statements": 7, "percent_covered": 0.0, "percent_covered_display": "0", "missing_lines": 7, "excluded_lines": 0, "percent_statements_covered": 0.0, "percent_statements_covered_display": "0"}, "missing_lines": [386, 387, 389, 390, 392, 393, 395], "excluded_lines": [], "start_line": 384}, "Orchestrator._commit_final_entry": {"executed_lines": [], "summary": {"covered_lines": 0, "num_statements": 11, "percent_covered": 0.0, "percent_covered_display": "0", "missing_lines": 11, "excluded_lines": 0, "percent_statements_covered": 0.0, "percent_statements_covered_display": "0"}, "missing_lines": [405, 406, 407, 409, 411, 412, 413, 415, 417, 418, 419], "excluded_lines": [], "start_line": 403}, "Orchestrator._get_entry_path": {"executed_lines": [], "summary": {"covered_lines": 0, "num_statements": 2, "percent_covered": 0.0, "percent_covered_display": "0", "missing_lines": 2, "excluded_lines": 0, "percent_statements_covered": 0.0, "percent_statements_covered_display": "0"}, "missing_lines": [423, 424], "excluded_lines": [], "start_line": 421}, "Orchestrator._get_opencode_decision": {"executed_lines": [], "summary": {"covered_lines": 0, "num_statements": 11, "percent_covered": 0.0, "percent_covered_display": "0", "missing_lines": 11, "excluded_lines": 0, "percent_statements_covered": 0.0, "percent_statements_covered_display": "0"}, "missing_lines": [436, 437, 445, 451, 453, 454, 456, 457, 459, 460, 461], "excluded_lines": [], "start_line": 426}, "Orchestrator._generate_fallback_content": {"executed_lines": [], "summary": {"covered_lines": 0, "num_statements": 10, "percent_covered": 0.0, "percent_covered_display": "0", "missing_lines": 10, "excluded_lines": 0, "percent_statements_covered": 0.0, "percent_statements_covered_display": "0"}, "missing_lines": [465, 477, 478, 480, 481, 483, 484, 485, 486, 488], "excluded_lines": [], "start_line": 463}, "Orchestrator._handle_failure": {"executed_lines": [], "summary": {"covered_lines": 0, "num_statements": 3, "percent_covered": 0.0, "percent_covered_display": "0", "missing_lines": 3, "excluded_lines": 0, "percent_statements_covered": 0.0, "percent_statements_covered_display": "0"}, "missing_lines": [492, 493, 494], "excluded_lines": [], "start_line": 490}, "Orchestrator._send_notification": {"executed_lines": [], "summary": {"covered_lines": 0, "num_statements": 8, "percent_covered": 0.0, "percent_covered_display": "0", "missing_lines": 8, "excluded_lines": 0, "percent_statements_covered": 0.0, "percent_statements_covered_display": "0"}, "missing_lines": [498, 499, 501, 506, 507, 508, 509, 510], "excluded_lines": [], "start_line": 496}, "main": {"executed_lines": [], "summary": {"covered_lines": 0, "num_statements": 17, "percent_covered": 0.0, "percent_covered_display": "0", "missing_lines": 17, "excluded_lines": 0, "percent_statements_covered": 0.0, "percent_statements_covered_display": "0"}, "missing_lines": [515, 517, 518, 525, 527, 528, 530, 531, 532, 533, 534, 535, 537, 538, 539, 540, 542], "excluded_lines": [], "start_line": 513}, "": {"executed_lines": [], "summary": {"covered_lines": 0, "num_statements": 34, "percent_covered": 0.0, "percent_covered_display": "0", "missing_lines": 34, "excluded_lines": 2, "percent_statements_covered": 0.0, "percent_statements_covered_display": "0"}, "missing_lines": [4, 5, 6, 7, 8, 10, 12, 13, 14, 15, 16, 17, 20, 23, 28, 85, 88, 93, 157, 160, 170, 246, 291, 340, 352, 368, 384, 403, 421, 426, 463, 490, 496, 513], "excluded_lines": [545, 546], "start_line": 1}}, "classes": {"FactCheckingAgent": {"executed_lines": [], "summary": {"covered_lines": 0, "num_statements": 20, "percent_covered": 0.0, "percent_covered_display": "0", "missing_lines": 20, "excluded_lines": 0, "percent_statements_covered": 0.0, "percent_statements_covered_display": "0"}, "missing_lines": [25, 26, 30, 32, 34, 35, 59, 65, 67, 68, 69, 70, 71, 72, 76, 77, 78, 79, 80, 82], "excluded_lines": [], "start_line": 20}, "QualityAssuranceAgent": {"executed_lines": [], "summary": {"covered_lines": 0, "num_statements": 20, "percent_covered": 0.0, "percent_covered_display": "0", "missing_lines": 20, "excluded_lines": 0, "percent_statements_covered": 0.0, "percent_statements_covered_display": "0"}, "missing_lines": [90, 91, 95, 97, 99, 100, 128, 134, 136, 137, 138, 139, 140, 141, 148, 149, 150, 151, 152, 154], "excluded_lines": [], "start_line": 85}, "Orchestrator": {"executed_lines": [], "summary": {"covered_lines": 0, "num_statements": 188, "percent_covered": 0.0, "percent_covered_display": "0", "missing_lines": 188, "excluded_lines": 0, "percent_statements_covered": 0.0, "percent_statements_covered_display": "0"}, "missing_lines": [162, 163, 164, 165, 166, 167, 168, 179, 180, 181, 183, 191, 192, 193, 194, 196, 198, 199, 200, 201, 203, 205, 207, 211, 212, 213, 215, 216, 217, 219, 221, 225, 227, 228, 229, 230, 232, 233, 234, 235, 237, 239, 240, 241, 242, 243, 244, 248, 250, 251, 252, 253, 254, 255, 257, 258, 259, 261, 262, 263, 265, 267, 268, 269, 270, 275, 276, 277, 278, 279, 281, 282, 283, 284, 286, 287, 288, 289, 293, 295, 296, 297, 298, 300, 301, 302, 303, 305, 306, 311, 313, 315, 316, 317, 318, 323, 324, 325, 326, 327, 328, 330, 331, 332, 333, 335, 336, 337, 338, 342, 344, 345, 348, 350, 354, 355, 357, 359, 360, 361, 362, 363, 364, 365, 366, 370, 371, 373, 375, 376, 377, 378, 379, 380, 381, 382, 386, 387, 389, 390, 392, 393, 395, 405, 406, 407, 409, 411, 412, 413, 415, 417, 418, 419, 423, 424, 436, 437, 445, 451, 453, 454, 456, 457, 459, 460, 461, 465, 477, 478, 480, 481, 483, 484, 485, 486, 488, 492, 493, 494, 498, 499, 501, 506, 507, 508, 509, 510], "excluded_lines": [], "start_line": 157}, "": {"executed_lines": [], "summary": {"covered_lines": 0, "num_statements": 51, "percent_covered": 0.0, "percent_covered_display": "0", "missing_lines": 51, "excluded_lines": 2, "percent_statements_covered": 0.0, "percent_statements_covered_display": "0"}, "missing_lines": [4, 5, 6, 7, 8, 10, 12, 13, 14, 15, 16, 17, 20, 23, 28, 85, 88, 93, 157, 160, 170, 246, 291, 340, 352, 368, 384, 403, 421, 426, 463, 490, 496, 513, 515, 517, 518, 525, 527, 528, 530, 531, 532, 533, 534, 535, 537, 538, 539, 540, 542], "excluded_lines": [545, 546], "start_line": 1}}}, "utils/__init__.py": {"executed_lines": [4, 5, 6, 7], "summary": {"covered_lines": 4, "num_statements": 4, "percent_covered": 100.0, "percent_covered_display": "100", "missing_lines": 0, "excluded_lines": 0, "percent_statements_covered": 100.0, "percent_statements_covered_display": "100"}, "missing_lines": [], "excluded_lines": [], "functions": {"": {"executed_lines": [4, 5, 6, 7], "summary": {"covered_lines": 4, "num_statements": 4, "percent_covered": 100.0, "percent_covered_display": "100", "missing_lines": 0, "excluded_lines": 0, "percent_statements_covered": 100.0, "percent_statements_covered_display": "100"}, "missing_lines": [], "excluded_lines": [], "start_line": 1}}, "classes": {"": {"executed_lines": [4, 5, 6, 7], "summary": {"covered_lines": 4, "num_statements": 4, "percent_covered": 100.0, "percent_covered_display": "100", "missing_lines": 0, "excluded_lines": 0, "percent_statements_covered": 100.0, "percent_statements_covered_display": "100"}, "missing_lines": [], "excluded_lines": [], "start_line": 1}}}, "utils/cache.py": {"executed_lines": [4, 5, 7, 8, 11, 13, 16, 18, 19, 21, 22, 23, 24, 25, 28, 30, 31, 32, 35, 37, 38, 39, 42, 44, 45], "summary": {"covered_lines": 25, "num_statements": 25, "percent_covered": 100.0, "percent_covered_display": "100", "missing_lines": 0, "excluded_lines": 0, "percent_statements_covered": 100.0, "percent_statements_covered_display": "100"}, "missing_lines": [], "excluded_lines": [], "functions": {"ensure_cache_dir": {"executed_lines": [13], "summary": {"covered_lines": 1, "num_statements": 1, "percent_covered": 100.0, "percent_covered_display": "100", "missing_lines": 0, "excluded_lines": 0, "percent_statements_covered": 100.0, "percent_statements_covered_display": "100"}, "missing_lines": [], "excluded_lines": [], "start_line": 11}, "load_projects_cache": {"executed_lines": [18, 19, 21, 22, 23, 24, 25], "summary": {"covered_lines": 7, "num_statements": 7, "percent_covered": 100.0, "percent_covered_display": "100", "missing_lines": 0, "excluded_lines": 0, "percent_statements_covered": 100.0, "percent_statements_covered_display": "100"}, "missing_lines": [], "excluded_lines": [], "start_line": 16}, "save_projects_cache": {"executed_lines": [30, 31, 32], "summary": {"covered_lines": 3, "num_statements": 3, "percent_covered": 100.0, "percent_covered_display": "100", "missing_lines": 0, "excluded_lines": 0, "percent_statements_covered": 100.0, "percent_statements_covered_display": "100"}, "missing_lines": [], "excluded_lines": [], "start_line": 28}, "update_project_cache": {"executed_lines": [37, 38, 39], "summary": {"covered_lines": 3, "num_statements": 3, "percent_covered": 100.0, "percent_covered_display": "100", "missing_lines": 0, "excluded_lines": 0, "percent_statements_covered": 100.0, "percent_statements_covered_display": "100"}, "missing_lines": [], "excluded_lines": [], "start_line": 35}, "get_project_description": {"executed_lines": [44, 45], "summary": {"covered_lines": 2, "num_statements": 2, "percent_covered": 100.0, "percent_covered_display": "100", "missing_lines": 0, "excluded_lines": 0, "percent_statements_covered": 100.0, "percent_statements_covered_display": "100"}, "missing_lines": [], "excluded_lines": [], "start_line": 42}, "": {"executed_lines": [4, 5, 7, 8, 11, 16, 28, 35, 42], "summary": {"covered_lines": 9, "num_statements": 9, "percent_covered": 100.0, "percent_covered_display": "100", "missing_lines": 0, "excluded_lines": 0, "percent_statements_covered": 100.0, "percent_statements_covered_display": "100"}, "missing_lines": [], "excluded_lines": [], "start_line": 1}}, "classes": {"": {"executed_lines": [4, 5, 7, 8, 11, 13, 16, 18, 19, 21, 22, 23, 24, 25, 28, 30, 31, 32, 35, 37, 38, 39, 42, 44, 45], "summary": {"covered_lines": 25, "num_statements": 25, "percent_covered": 100.0, "percent_covered_display": "100", "missing_lines": 0, "excluded_lines": 0, "percent_statements_covered": 100.0, "percent_statements_covered_display": "100"}, "missing_lines": [], "excluded_lines": [], "start_line": 1}}}, "utils/git_utils.py": {"executed_lines": [4, 5, 6, 9, 11, 12, 13, 16, 22, 23, 25, 34, 35, 36, 37, 38, 39, 47, 50, 54, 55, 57, 67, 68, 69, 70, 71, 72, 73, 74, 75, 77, 80, 82, 87, 88, 89, 92, 94, 95, 98, 100, 101, 102, 103, 104, 105, 107, 108, 109, 111, 112, 113, 114, 118, 121, 123, 124, 127, 129, 131, 138, 145, 146, 147], "summary": {"covered_lines": 65, "num_statements": 68, "percent_covered": 95.58823529411765, "percent_covered_display": "96", "missing_lines": 3, "excluded_lines": 0, "percent_statements_covered": 95.58823529411765, "percent_statements_covered_display": "96"}, "missing_lines": [115, 116, 117], "excluded_lines": [], "functions": {"run_git_command": {"executed_lines": [11, 12, 13], "summary": {"covered_lines": 3, "num_statements": 3, "percent_covered": 100.0, "percent_covered_display": "100", "missing_lines": 0, "excluded_lines": 0, "percent_statements_covered": 100.0, "percent_statements_covered_display": "100"}, "missing_lines": [], "excluded_lines": [], "start_line": 9}, "get_commits_by_date": {"executed_lines": [22, 23, 25, 34, 35, 36, 37, 38, 39, 47], "summary": {"covered_lines": 10, "num_statements": 10, "percent_covered": 100.0, "percent_covered_display": "100", "missing_lines": 0, "excluded_lines": 0, "percent_statements_covered": 100.0, "percent_statements_covered_display": "100"}, "missing_lines": [], "excluded_lines": [], "start_line": 16}, "calculate_loc_changes": {"executed_lines": [54, 55, 57, 67, 68, 69, 70, 71, 72, 73, 74, 75, 77], "summary": {"covered_lines": 13, "num_statements": 13, "percent_covered": 100.0, "percent_covered_display": "100", "missing_lines": 0, "excluded_lines": 0, "percent_statements_covered": 100.0, "percent_statements_covered_display": "100"}, "missing_lines": [], "excluded_lines": [], "start_line": 50}, "categorize_commit": {"executed_lines": [82, 87, 88, 89], "summary": {"covered_lines": 4, "num_statements": 4, "percent_covered": 100.0, "percent_covered_display": "100", "missing_lines": 0, "excluded_lines": 0, "percent_statements_covered": 100.0, "percent_statements_covered_display": "100"}, "missing_lines": [], "excluded_lines": [], "start_line": 80}, "extract_task_id": {"executed_lines": [94, 95], "summary": {"covered_lines": 2, "num_statements": 2, "percent_covered": 100.0, "percent_covered_display": "100", "missing_lines": 0, "excluded_lines": 0, "percent_statements_covered": 100.0, "percent_statements_covered_display": "100"}, "missing_lines": [], "excluded_lines": [], "start_line": 92}, "get_repo_description": {"executed_lines": [100, 101, 102, 103, 104, 105, 107, 108, 109, 111, 112, 113, 114, 118], "summary": {"covered_lines": 14, "num_statements": 17, "percent_covered": 82.3529411764706, "percent_covered_display": "82", "missing_lines": 3, "excluded_lines": 0, "percent_statements_covered": 82.3529411764706, "percent_statements_covered_display": "82"}, "missing_lines": [115, 116, 117], "excluded_lines": [], "start_line": 98}, "is_work_day": {"executed_lines": [123, 124], "summary": {"covered_lines": 2, "num_statements": 2, "percent_covered": 100.0, "percent_covered_display": "100", "missing_lines": 0, "excluded_lines": 0, "percent_statements_covered": 100.0, "percent_statements_covered_display": "100"}, "missing_lines": [], "excluded_lines": [], "start_line": 121}, "stage_and_commit": {"executed_lines": [129, 131, 138, 145, 146, 147], "summary": {"covered_lines": 6, "num_statements": 6, "percent_covered": 100.0, "percent_covered_display": "100", "missing_lines": 0, "excluded_lines": 0, "percent_statements_covered": 100.0, "percent_statements_covered_display": "100"}, "missing_lines": [], "excluded_lines": [], "start_line": 127}, "": {"executed_lines": [4, 5, 6, 9, 16, 50, 80, 92, 98, 121, 127], "summary": {"covered_lines": 11, "num_statements": 11, "percent_covered": 100.0, "percent_covered_display": "100", "missing_lines": 0, "excluded_lines": 0, "percent_statements_covered": 100.0, "percent_statements_covered_display": "100"}, "missing_lines": [], "excluded_lines": [], "start_line": 1}}, "classes": {"": {"executed_lines": [4, 5, 6, 9, 11, 12, 13, 16, 22, 23, 25, 34, 35, 36, 37, 38, 39, 47, 50, 54, 55, 57, 67, 68, 69, 70, 71, 72, 73, 74, 75, 77, 80, 82, 87, 88, 89, 92, 94, 95, 98, 100, 101, 102, 103, 104, 105, 107, 108, 109, 111, 112, 113, 114, 118, 121, 123, 124, 127, 129, 131, 138, 145, 146, 147], "summary": {"covered_lines": 65, "num_statements": 68, "percent_covered": 95.58823529411765, "percent_covered_display": "96", "missing_lines": 3, "excluded_lines": 0, "percent_statements_covered": 95.58823529411765, "percent_statements_covered_display": "96"}, "missing_lines": [115, 116, 117], "excluded_lines": [], "start_line": 1}}}, "utils/logging_utils.py": {"executed_lines": [3, 4, 5, 6, 9, 16, 17, 20, 26, 27, 28, 31, 32, 33, 34, 37, 38, 39, 40, 43, 52], "summary": {"covered_lines": 21, "num_statements": 21, "percent_covered": 100.0, "percent_covered_display": "100", "missing_lines": 0, "excluded_lines": 0, "percent_statements_covered": 100.0, "percent_statements_covered_display": "100"}, "missing_lines": [], "excluded_lines": [], "functions": {"setup_logging": {"executed_lines": [16, 17, 20, 26, 27, 28, 31, 32, 33, 34, 37, 38, 39, 40], "summary": {"covered_lines": 14, "num_statements": 14, "percent_covered": 100.0, "percent_covered_display": "100", "missing_lines": 0, "excluded_lines": 0, "percent_statements_covered": 100.0, "percent_statements_covered_display": "100"}, "missing_lines": [], "excluded_lines": [], "start_line": 9}, "get_logger": {"executed_lines": [52], "summary": {"covered_lines": 1, "num_statements": 1, "percent_covered": 100.0, "percent_covered_display": "100", "missing_lines": 0, "excluded_lines": 0, "percent_statements_covered": 100.0, "percent_statements_covered_display": "100"}, "missing_lines": [], "excluded_lines": [], "start_line": 43}, "": {"executed_lines": [3, 4, 5, 6, 9, 43], "summary": {"covered_lines": 6, "num_statements": 6, "percent_covered": 100.0, "percent_covered_display": "100", "missing_lines": 0, "excluded_lines": 0, "percent_statements_covered": 100.0, "percent_statements_covered_display": "100"}, "missing_lines": [], "excluded_lines": [], "start_line": 1}}, "classes": {"": {"executed_lines": [3, 4, 5, 6, 9, 16, 17, 20, 26, 27, 28, 31, 32, 33, 34, 37, 38, 39, 40, 43, 52], "summary": {"covered_lines": 21, "num_statements": 21, "percent_covered": 100.0, "percent_covered_display": "100", "missing_lines": 0, "excluded_lines": 0, "percent_statements_covered": 100.0, "percent_statements_covered_display": "100"}, "missing_lines": [], "excluded_lines": [], "start_line": 1}}}, "utils/markdown_utils.py": {"executed_lines": [4, 7, 9, 12, 13, 14, 17, 18, 19, 22, 24, 27, 30, 31, 32, 35, 37, 38, 41, 43, 44, 47, 49, 50, 52, 57, 59, 60, 62, 63, 64, 65], "summary": {"covered_lines": 32, "num_statements": 32, "percent_covered": 100.0, "percent_covered_display": "100", "missing_lines": 0, "excluded_lines": 0, "percent_statements_covered": 100.0, "percent_statements_covered_display": "100"}, "missing_lines": [], "excluded_lines": [], "functions": {"validate_markdown_syntax": {"executed_lines": [9, 12, 13, 14, 17, 18, 19, 22, 24], "summary": {"covered_lines": 9, "num_statements": 9, "percent_covered": 100.0, "percent_covered_display": "100", "missing_lines": 0, "excluded_lines": 0, "percent_statements_covered": 100.0, "percent_statements_covered_display": "100"}, "missing_lines": [], "excluded_lines": [], "start_line": 7}, "extract_commits_from_markdown": {"executed_lines": [30, 31, 32], "summary": {"covered_lines": 3, "num_statements": 3, "percent_covered": 100.0, "percent_covered_display": "100", "missing_lines": 0, "excluded_lines": 0, "percent_statements_covered": 100.0, "percent_statements_covered_display": "100"}, "missing_lines": [], "excluded_lines": [], "start_line": 27}, "has_section": {"executed_lines": [37, 38], "summary": {"covered_lines": 2, "num_statements": 2, "percent_covered": 100.0, "percent_covered_display": "100", "missing_lines": 0, "excluded_lines": 0, "percent_statements_covered": 100.0, "percent_statements_covered_display": "100"}, "missing_lines": [], "excluded_lines": [], "start_line": 35}, "is_valid_filename": {"executed_lines": [43, 44], "summary": {"covered_lines": 2, "num_statements": 2, "percent_covered": 100.0, "percent_covered_display": "100", "missing_lines": 0, "excluded_lines": 0, "percent_statements_covered": 100.0, "percent_statements_covered_display": "100"}, "missing_lines": [], "excluded_lines": [], "start_line": 41}, "format_header": {"executed_lines": [49, 50, 52], "summary": {"covered_lines": 3, "num_statements": 3, "percent_covered": 100.0, "percent_covered_display": "100", "missing_lines": 0, "excluded_lines": 0, "percent_statements_covered": 100.0, "percent_statements_covered_display": "100"}, "missing_lines": [], "excluded_lines": [], "start_line": 47}, "format_date": {"executed_lines": [59, 60, 62, 63, 64, 65], "summary": {"covered_lines": 6, "num_statements": 6, "percent_covered": 100.0, "percent_covered_display": "100", "missing_lines": 0, "excluded_lines": 0, "percent_statements_covered": 100.0, "percent_statements_covered_display": "100"}, "missing_lines": [], "excluded_lines": [], "start_line": 57}, "": {"executed_lines": [4, 7, 27, 35, 41, 47, 57], "summary": {"covered_lines": 7, "num_statements": 7, "percent_covered": 100.0, "percent_covered_display": "100", "missing_lines": 0, "excluded_lines": 0, "percent_statements_covered": 100.0, "percent_statements_covered_display": "100"}, "missing_lines": [], "excluded_lines": [], "start_line": 1}}, "classes": {"": {"executed_lines": [4, 7, 9, 12, 13, 14, 17, 18, 19, 22, 24, 27, 30, 31, 32, 35, 37, 38, 41, 43, 44, 47, 49, 50, 52, 57, 59, 60, 62, 63, 64, 65], "summary": {"covered_lines": 32, "num_statements": 32, "percent_covered": 100.0, "percent_covered_display": "100", "missing_lines": 0, "excluded_lines": 0, "percent_statements_covered": 100.0, "percent_statements_covered_display": "100"}, "missing_lines": [], "excluded_lines": [], "start_line": 1}}}, "utils/opencode_utils.py": {"executed_lines": [4, 5, 7, 10, 12, 13, 19, 20, 21, 24, 26, 28, 34, 35, 38, 41, 49, 51, 52, 53, 54, 55, 57, 58, 64, 66, 67, 68, 70, 71, 74, 76, 79, 81, 82, 83, 84, 85], "summary": {"covered_lines": 38, "num_statements": 41, "percent_covered": 92.6829268292683, "percent_covered_display": "93", "missing_lines": 3, "excluded_lines": 0, "percent_statements_covered": 92.6829268292683, "percent_statements_covered_display": "93"}, "missing_lines": [59, 60, 61], "excluded_lines": [], "functions": {"is_opencode_running": {"executed_lines": [12, 13, 19, 20, 21], "summary": {"covered_lines": 5, "num_statements": 5, "percent_covered": 100.0, "percent_covered_display": "100", "missing_lines": 0, "excluded_lines": 0, "percent_statements_covered": 100.0, "percent_statements_covered_display": "100"}, "missing_lines": [], "excluded_lines": [], "start_line": 10}, "start_opencode_server": {"executed_lines": [26, 28, 34, 35, 38, 41, 49, 51, 52, 53, 54, 55, 57, 58], "summary": {"covered_lines": 14, "num_statements": 17, "percent_covered": 82.3529411764706, "percent_covered_display": "82", "missing_lines": 3, "excluded_lines": 0, "percent_statements_covered": 82.3529411764706, "percent_statements_covered_display": "82"}, "missing_lines": [59, 60, 61], "excluded_lines": [], "start_line": 24}, "ensure_opencode_running": {"executed_lines": [66, 67, 68, 70, 71], "summary": {"covered_lines": 5, "num_statements": 5, "percent_covered": 100.0, "percent_covered_display": "100", "missing_lines": 0, "excluded_lines": 0, "percent_statements_covered": 100.0, "percent_statements_covered_display": "100"}, "missing_lines": [], "excluded_lines": [], "start_line": 64}, "get_opencode_client_path": {"executed_lines": [76], "summary": {"covered_lines": 1, "num_statements": 1, "percent_covered": 100.0, "percent_covered_display": "100", "missing_lines": 0, "excluded_lines": 0, "percent_statements_covered": 100.0, "percent_statements_covered_display": "100"}, "missing_lines": [], "excluded_lines": [], "start_line": 74}, "check_opencode_client": {"executed_lines": [81, 82, 83, 84, 85], "summary": {"covered_lines": 5, "num_statements": 5, "percent_covered": 100.0, "percent_covered_display": "100", "missing_lines": 0, "excluded_lines": 0, "percent_statements_covered": 100.0, "percent_statements_covered_display": "100"}, "missing_lines": [], "excluded_lines": [], "start_line": 79}, "": {"executed_lines": [4, 5, 7, 10, 24, 64, 74, 79], "summary": {"covered_lines": 8, "num_statements": 8, "percent_covered": 100.0, "percent_covered_display": "100", "missing_lines": 0, "excluded_lines": 0, "percent_statements_covered": 100.0, "percent_statements_covered_display": "100"}, "missing_lines": [], "excluded_lines": [], "start_line": 1}}, "classes": {"": {"executed_lines": [4, 5, 7, 10, 12, 13, 19, 20, 21, 24, 26, 28, 34, 35, 38, 41, 49, 51, 52, 53, 54, 55, 57, 58, 64, 66, 67, 68, 70, 71, 74, 76, 79, 81, 82, 83, 84, 85], "summary": {"covered_lines": 38, "num_statements": 41, "percent_covered": 92.6829268292683, "percent_covered_display": "93", "missing_lines": 3, "excluded_lines": 0, "percent_statements_covered": 92.6829268292683, "percent_statements_covered_display": "93"}, "missing_lines": [59, 60, 61], "excluded_lines": [], "start_line": 1}}}}, "totals": {"covered_lines": 869, "num_statements": 1284, "percent_covered": 67.6791277258567, "percent_covered_display": "68", "missing_lines": 415, "excluded_lines": 61, "percent_statements_covered": 67.6791277258567, "percent_statements_covered_display": "68"}}